This is pdfTeX, Version 3.1415926-1.40.10 (MiKTeX 2.8) (preloaded format=pdflatex 2017.3.14)  14 NOV 2017 08:39
entering extended mode
**C:/Users/1407717542A/Desktop/VWT/Vertical*Report.tex
("C:/Users/1407717542A/Desktop/VWT/Vertical Report.tex"
LaTeX2e <2009/09/24>
Babel <v3.8l> and hyphenation patterns for english, dumylang, nohyphenation, ge
rman, ngerman, german-x-2009-06-19, ngerman-x-2009-06-19, french, loaded.
("C:\MiKTeX 2.8\tex\latex\koma-script\scrartcl.cls"
Document Class: scrartcl 2009/07/24 v3.04a KOMA-Script document class (article)

("C:\MiKTeX 2.8\tex\latex\koma-script\scrkbase.sty"
Package: scrkbase 2009/07/24 v3.04a KOMA-Script package (KOMA-Script-dependent 
basics and keyval usage)

("C:\MiKTeX 2.8\tex\latex\koma-script\scrbase.sty"
Package: scrbase 2009/07/24 v3.04a KOMA-Script package (KOMA-Script-independent
 basics and keyval usage)

("C:\MiKTeX 2.8\tex\latex\graphics\keyval.sty"
Package: keyval 1999/03/16 v1.13 key=value parser (DPC)
\KV@toks@=\toks14
)
("C:\MiKTeX 2.8\tex\latex\koma-script\scrlfile.sty"
Package: scrlfile 2009/03/25 v3.03 KOMA-Script package (loading files)

Package scrlfile, 2009/03/25 v3.03 KOMA-Script package (loading files)
                  Copyright (C) Markus Kohm

))) ("C:\MiKTeX 2.8\tex\latex\koma-script\tocbasic.sty"
Package: tocbasic 2009/06/08 v3.03b KOMA-Script package (handling toc-files)
)
Package tocbasic Info: omitting babel extension for `toc'
(tocbasic)             because of feature `nobabel' available
(tocbasic)             for `toc' on input line 115.
Package tocbasic Info: omitting babel extension for `lof'
(tocbasic)             because of feature `nobabel' available
(tocbasic)             for `lof' on input line 116.
Package tocbasic Info: omitting babel extension for `lot'
(tocbasic)             because of feature `nobabel' available
(tocbasic)             for `lot' on input line 117.
Class scrartcl Info: File `scrsize11pt.clo' used instead of
(scrartcl)           file `scrsize11.clo' to setup font sizes on input line 117
1.

("C:\MiKTeX 2.8\tex\latex\koma-script\scrsize11pt.clo"
File: scrsize11pt.clo 2009/07/24 v3.04a KOMA-Script font size class option (11p
t)
)
("C:\MiKTeX 2.8\tex\latex\koma-script\typearea.sty"
Package: typearea 2009/07/24 v3.04a KOMA-Script package (type area)

Package typearea, 2009/07/24 v3.04a KOMA-Script package (type area)
                  Copyright (C) Frank Neukam, 1992-1994
                  Copyright (C) Markus Kohm, 1994-

\ta@bcor=\skip41
\ta@div=\count79
\ta@hblk=\skip42
\ta@vblk=\skip43
\ta@temp=\skip44
Package typearea Info: These are the values describing the layout:
(typearea)             DIV  = 10
(typearea)             BCOR = 0.0pt
(typearea)             \paperwidth      = 597.50793pt
(typearea)              \textwidth      = 418.25555pt
(typearea)              DIV departure   = -6%
(typearea)              \evensidemargin = 17.3562pt
(typearea)              \oddsidemargin  = 17.3562pt
(typearea)             \paperheight     = 845.04694pt
(typearea)              \textheight     = 595.80026pt
(typearea)              \topmargin      = -25.16531pt
(typearea)              \headheight     = 17.0pt
(typearea)              \headsep        = 20.40001pt
(typearea)              \topskip        = 11.0pt
(typearea)              \footskip       = 47.60002pt
(typearea)              \baselineskip   = 13.6pt
(typearea)              on input line 1115.
)
\c@part=\count80
\c@section=\count81
\c@subsection=\count82
\c@subsubsection=\count83
\c@paragraph=\count84
\c@subparagraph=\count85
\abovecaptionskip=\skip45
\belowcaptionskip=\skip46
\c@pti@nb@sid@b@x=\box26
\c@figure=\count86
\c@table=\count87
\bibindent=\dimen102
) ("C:\MiKTeX 2.8\tex\latex\base\fontenc.sty"
Package: fontenc 2005/09/27 v1.99g Standard LaTeX package

("C:\MiKTeX 2.8\tex\latex\base\t1enc.def"
File: t1enc.def 2005/09/27 v1.99g Standard LaTeX file
LaTeX Font Info:    Redeclaring font encoding T1 on input line 43.
))
("C:\MiKTeX 2.8\tex\latex\base\inputenc.sty"
Package: inputenc 2008/03/30 v1.1d Input encoding file
\inpenc@prehook=\toks15
\inpenc@posthook=\toks16

("C:\MiKTeX 2.8\tex\latex\base\latin9.def"
File: latin9.def 2008/03/30 v1.1d Input encoding file
))
("C:\MiKTeX 2.8\tex\latex\geometry\geometry.sty"
Package: geometry 2008/12/21 v4.2 Page Geometry

("C:\MiKTeX 2.8\tex\generic\oberdiek\ifpdf.sty"
Package: ifpdf 2009/04/10 v2.0 Provides the ifpdf switch (HO)
Package ifpdf Info: pdfTeX in pdf mode detected.
)
("C:\MiKTeX 2.8\tex\generic\oberdiek\ifvtex.sty"
Package: ifvtex 2008/11/04 v1.4 Switches for detecting VTeX and its modes (HO)
Package ifvtex Info: VTeX not detected.
)
\Gm@cnth=\count88
\Gm@cntv=\count89
\c@Gm@tempcnt=\count90
\Gm@bindingoffset=\dimen103
\Gm@wd@mp=\dimen104
\Gm@odd@mp=\dimen105
\Gm@even@mp=\dimen106
\Gm@dimlist=\toks17

("C:\MiKTeX 2.8\tex\latex\geometry\geometry.cfg"))
("C:\MiKTeX 2.8\tex\latex\graphics\graphicx.sty"
Package: graphicx 1999/02/16 v1.0f Enhanced LaTeX Graphics (DPC,SPQR)

("C:\MiKTeX 2.8\tex\latex\graphics\graphics.sty"
Package: graphics 2009/02/05 v1.0o Standard LaTeX Graphics (DPC,SPQR)

("C:\MiKTeX 2.8\tex\latex\graphics\trig.sty"
Package: trig 1999/03/16 v1.09 sin cos tan (DPC)
)
("C:\MiKTeX 2.8\tex\latex\00miktex\graphics.cfg"
File: graphics.cfg 2007/01/18 v1.5 graphics configuration of teTeX/TeXLive
)
Package graphics Info: Driver file: pdftex.def on input line 91.

("C:\MiKTeX 2.8\tex\latex\pdftex-def\pdftex.def"
File: pdftex.def 2009/08/25 v0.04m Graphics/color for pdfTeX
\Gread@gobject=\count91
))
\Gin@req@height=\dimen107
\Gin@req@width=\dimen108
)
("C:\MiKTeX 2.8\tex\latex\oberdiek\epstopdf.sty"
Package: epstopdf 2009/10/17 v2.4 Conversion with epstopdf on the fly (HO)

("C:\MiKTeX 2.8\tex\latex\oberdiek\epstopdf-base.sty"
Package: epstopdf-base 2009/10/17 v2.4 Base part for package epstopdf

("C:\MiKTeX 2.8\tex\generic\oberdiek\infwarerr.sty"
Package: infwarerr 2007/09/09 v1.2 Providing info/warning/message (HO)
)
("C:\MiKTeX 2.8\tex\latex\oberdiek\grfext.sty"
Package: grfext 2007/09/30 v1.0 Managing graphics extensions (HO)
)
("C:\MiKTeX 2.8\tex\latex\oberdiek\kvoptions.sty"
Package: kvoptions 2009/08/13 v3.4 Keyval support for LaTeX options (HO)

("C:\MiKTeX 2.8\tex\generic\oberdiek\kvsetkeys.sty"
Package: kvsetkeys 2009/07/30 v1.5 Key value parser with default handler suppor
t (HO)

("C:\MiKTeX 2.8\tex\generic\oberdiek\etexcmds.sty"
Package: etexcmds 2007/12/12 v1.2 Prefix for e-TeX command names (HO)
Package etexcmds Info: Could not find \expanded.
(etexcmds)             That can mean that you are not using pdfTeX 1.50 or
(etexcmds)             that some package has redefined \expanded.
(etexcmds)             In the latter case, load this package earlier.
)))
("C:\MiKTeX 2.8\tex\generic\oberdiek\pdftexcmds.sty"
Package: pdftexcmds 2009/09/23 v0.6 LuaTeX support for pdfTeX utility functions
 (HO)

("C:\MiKTeX 2.8\tex\generic\oberdiek\ifluatex.sty"
Package: ifluatex 2009/04/17 v1.2 Provides the ifluatex switch (HO)
Package ifluatex Info: LuaTeX not detected.
)
("C:\MiKTeX 2.8\tex\generic\oberdiek\ltxcmds.sty"
Package: ltxcmds 2009/08/05 v1.0 Some LaTeX kernel commands for general use (HO
)
)
Package pdftexcmds Info: LuaTeX not detected.
Package pdftexcmds Info: \pdf@primitive is available.
Package pdftexcmds Info: \pdf@ifprimitive is available.
)
Package grfext Info: Graphics extension search list:
(grfext)             [.png,.pdf,.jpg,.mps,.jpeg,.jbig2,.jb2,.PNG,.PDF,.JPG,.JPE
G,.JBIG2,.JB2,.eps]
(grfext)             \AppendGraphicsExtensions on input line 433.
))
("C:\MiKTeX 2.8\tex\latex\float\float.sty"
Package: float 2001/11/08 v1.3d Float enhancements (AL)
\c@float@type=\count92
\float@exts=\toks18
\float@box=\box27
\@float@everytoks=\toks19
\@floatcapt=\box28
)
("C:\MiKTeX 2.8\tex\latex\caption\caption.sty"
Package: caption 2009/10/09 v3.1k Customizing captions (AR)

("C:\MiKTeX 2.8\tex\latex\caption\caption3.sty"
Package: caption3 2009/10/09 v3.1k caption3 kernel (AR)
\captionmargin=\dimen109
\captionmargin@=\dimen110
\captionwidth=\dimen111
\caption@indent=\dimen112
\caption@parindent=\dimen113
\caption@hangindent=\dimen114
)
Package caption Info: KOMA-Script document class.
\c@ContinuedFloat=\count93
Package caption Info: float package is loaded.
)
("C:\MiKTeX 2.8\tex\latex\caption\subcaption.sty"
Package: subcaption 2008/08/31 v1.0b Adding subcaptions (AR)
\c@subfigure=\count94
\c@subtable=\count95
)
("C:\MiKTeX 2.8\tex\latex\cleveref\cleveref.sty"
Package: cleveref 2009/09/22 v0.14.2 Intelligent cross-referencing
Package cleveref Info: loaded `english' language definitions on input line 3148
.
Package cleveref Info: loaded `english' language definitions on input line 3149
.
)
("C:\MiKTeX 2.8\tex\latex\ams\math\amsmath.sty"
Package: amsmath 2000/07/18 v2.13 AMS math features
\@mathmargin=\skip47

For additional information on amsmath, use the `?' option.
("C:\MiKTeX 2.8\tex\latex\ams\math\amstext.sty"
Package: amstext 2000/06/29 v2.01

("C:\MiKTeX 2.8\tex\latex\ams\math\amsgen.sty"
File: amsgen.sty 1999/11/30 v2.0
\@emptytoks=\toks20
\ex@=\dimen115
))
("C:\MiKTeX 2.8\tex\latex\ams\math\amsbsy.sty"
Package: amsbsy 1999/11/29 v1.2d
\pmbraise@=\dimen116
)
("C:\MiKTeX 2.8\tex\latex\ams\math\amsopn.sty"
Package: amsopn 1999/12/14 v2.01 operator names
)
\inf@bad=\count96
LaTeX Info: Redefining \frac on input line 211.
\uproot@=\count97
\leftroot@=\count98
LaTeX Info: Redefining \overline on input line 307.
\classnum@=\count99
\DOTSCASE@=\count100
LaTeX Info: Redefining \ldots on input line 379.
LaTeX Info: Redefining \dots on input line 382.
LaTeX Info: Redefining \cdots on input line 467.
\Mathstrutbox@=\box29
\strutbox@=\box30
\big@size=\dimen117
LaTeX Font Info:    Redeclaring font encoding OML on input line 567.
LaTeX Font Info:    Redeclaring font encoding OMS on input line 568.
\macc@depth=\count101
\c@MaxMatrixCols=\count102
\dotsspace@=\muskip10
\c@parentequation=\count103
\dspbrk@lvl=\count104
\tag@help=\toks21
\row@=\count105
\column@=\count106
\maxfields@=\count107
\andhelp@=\toks22
\eqnshift@=\dimen118
\alignsep@=\dimen119
\tagshift@=\dimen120
\tagwidth@=\dimen121
\totwidth@=\dimen122
\lineht@=\dimen123
\@envbody=\toks23
\multlinegap=\skip48
\multlinetaggap=\skip49
\mathdisplay@stack=\toks24
LaTeX Info: Redefining \[ on input line 2666.
LaTeX Info: Redefining \] on input line 2667.
)
("C:\Users\1407717542A\Desktop\VWT\Vertical Report.aux")
LaTeX Font Info:    Checking defaults for OML/cmm/m/it on input line 32.
LaTeX Font Info:    ... okay on input line 32.
LaTeX Font Info:    Checking defaults for T1/cmr/m/n on input line 32.
LaTeX Font Info:    ... okay on input line 32.
LaTeX Font Info:    Checking defaults for OT1/cmr/m/n on input line 32.
LaTeX Font Info:    ... okay on input line 32.
LaTeX Font Info:    Checking defaults for OMS/cmsy/m/n on input line 32.
LaTeX Font Info:    ... okay on input line 32.
LaTeX Font Info:    Checking defaults for OMX/cmex/m/n on input line 32.
LaTeX Font Info:    ... okay on input line 32.
LaTeX Font Info:    Checking defaults for U/cmr/m/n on input line 32.
LaTeX Font Info:    ... okay on input line 32.

*geometry auto-detecting driver*
*geometry detected driver: pdftex*

Package geometry Warning: The marginal notes would fall off the page.
     Add 18.3884pt and more to the right margin.

-------------------- Geometry parameters
paper: class default
landscape: --
twocolumn: --
twoside: --
asymmetric: --
h-parts: 54.2025pt, 489.10294pt, 54.2025pt
v-parts: 54.2025pt, 718.57445pt, 72.26999pt
hmarginratio: --
vmarginratio: --
lines: --
heightrounded: --
bindingoffset: 0.0pt
truedimen: --
includehead: --
includefoot: --
includemp: --
driver: pdftex
-------------------- Page layout dimensions and switches
\paperwidth  597.50793pt
\paperheight 845.04694pt
\textwidth  489.10294pt
\textheight 718.57445pt
\oddsidemargin  -18.06749pt
\evensidemargin -18.06749pt
\topmargin  -55.4675pt
\headheight 17.0pt
\headsep    20.40001pt
\footskip   47.60002pt
\marginparwidth 59.7508pt
\marginparsep   12.8401pt
\columnsep  10.0pt
\skip\footins  10.0pt plus 4.0pt minus 2.0pt
\hoffset 0.0pt
\voffset 0.0pt
\mag 1000

(1in=72.27pt, 1cm=28.45pt)
-----------------------
("C:\MiKTeX 2.8\tex\context\base\supp-pdf.tex"
[Loading MPS to PDF converter (version 2006.09.02).]
\scratchcounter=\count108
\scratchdimen=\dimen124
\scratchbox=\box31
\nofMPsegments=\count109
\nofMParguments=\count110
\everyMPshowfont=\toks25
\MPscratchCnt=\count111
\MPscratchDim=\dimen125
\MPnumerator=\count112
\everyMPtoPDFconversion=\toks26
)
Package caption Info: Begin \AtBeginDocument code.
Package caption Info: End \AtBeginDocument code.
LaTeX Info: Redefining \ref on input line 32.
LaTeX Font Info:    Try loading font information for T1+cmss on input line 39.
 ("C:\MiKTeX 2.8\tex\latex\base\t1cmss.fd"
File: t1cmss.fd 1999/05/25 v2.5h Standard LaTeX font definitions
)
<case_best.png, id=1, 421.575pt x 316.18124pt>
File: case_best.png Graphic file (type png)
 <use case_best.png>
<case_worst.png, id=2, 421.575pt x 316.18124pt>
File: case_worst.png Graphic file (type png)
 <use case_worst.png> [1


{C:/Users/1407717542A/AppData/Local/MiKTeX/2.8/pdftex/config/pdftex.map} <C:/Us
ers/1407717542A/Desktop/VWT/case_best.png (PNG copy)> <C:/Users/1407717542A/Des
ktop/VWT/case_worst.png (PNG copy)>]
Package epstopdf Info: Source file: <low_q_poly3_10.eps>
(epstopdf)                    date: 2017-11-13 23:10:00
(epstopdf)                    size: 35838 bytes
(epstopdf)             Output file: <low_q_poly3_10-eps-converted-to.pdf>
(epstopdf)                    date: 2017-11-14 08:08:14
(epstopdf)                    size: 8864 bytes
(epstopdf)             Command: <epstopdf --outfile=low_q_poly3_10-eps-converte
d-to.pdf low_q_poly3_10.eps>
(epstopdf)             \includegraphics on input line 162.
Package epstopdf Info: Output file is already uptodate.

<low_q_poly3_10-eps-converted-to.pdf, id=15, 368.37625pt x 310.15875pt>
File: low_q_poly3_10-eps-converted-to.pdf Graphic file (type pdf)

<use low_q_poly3_10-eps-converted-to.pdf>
Package epstopdf Info: Source file: <low_q_poly3_all.eps>
(epstopdf)                    date: 2017-11-13 23:10:00
(epstopdf)                    size: 319121 bytes
(epstopdf)             Output file: <low_q_poly3_all-eps-converted-to.pdf>
(epstopdf)                    date: 2017-11-14 08:08:16
(epstopdf)                    size: 73884 bytes
(epstopdf)             Command: <epstopdf --outfile=low_q_poly3_all-eps-convert
ed-to.pdf low_q_poly3_all.eps>
(epstopdf)             \includegraphics on input line 165.
Package epstopdf Info: Output file is already uptodate.

<low_q_poly3_all-eps-converted-to.pdf, id=16, 368.37625pt x 308.15125pt>
File: low_q_poly3_all-eps-converted-to.pdf Graphic file (type pdf)

<use low_q_poly3_all-eps-converted-to.pdf>
Package epstopdf Info: Source file: <sort_low_q_poly3_10.eps>
(epstopdf)                    date: 2017-11-13 23:10:30
(epstopdf)                    size: 27882 bytes
(epstopdf)             Output file: <sort_low_q_poly3_10-eps-converted-to.pdf>
(epstopdf)                    date: 2017-11-14 08:08:18
(epstopdf)                    size: 6924 bytes
(epstopdf)             Command: <epstopdf --outfile=sort_low_q_poly3_10-eps-con
verted-to.pdf sort_low_q_poly3_10.eps>
(epstopdf)             \includegraphics on input line 168.
Package epstopdf Info: Output file is already uptodate.

<sort_low_q_poly3_10-eps-converted-to.pdf, id=17, 368.37625pt x 310.15875pt>
File: sort_low_q_poly3_10-eps-converted-to.pdf Graphic file (type pdf)

<use sort_low_q_poly3_10-eps-converted-to.pdf>
Package epstopdf Info: Source file: <sort_low_q_poly3_all.eps>
(epstopdf)                    date: 2017-11-13 23:10:28
(epstopdf)                    size: 171525 bytes
(epstopdf)             Output file: <sort_low_q_poly3_all-eps-converted-to.pdf>

(epstopdf)                    date: 2017-11-14 08:08:17
(epstopdf)                    size: 39580 bytes
(epstopdf)             Command: <epstopdf --outfile=sort_low_q_poly3_all-eps-co
nverted-to.pdf sort_low_q_poly3_all.eps>
(epstopdf)             \includegraphics on input line 171.
Package epstopdf Info: Output file is already uptodate.

<sort_low_q_poly3_all-eps-converted-to.pdf, id=18, 368.37625pt x 308.15125pt>
File: sort_low_q_poly3_all-eps-converted-to.pdf Graphic file (type pdf)

<use sort_low_q_poly3_all-eps-converted-to.pdf> [2


 <C:/Users/1407717542A/Desktop/VWT/low_q_poly3_10-eps-converted-to.pdf> <C:/Use
rs/1407717542A/Desktop/VWT/low_q_poly3_all-eps-converted-to.pdf> <C:/Users/1407
717542A/Desktop/VWT/sort_low_q_poly3_10-eps-converted-to.pdf> <C:/Users/1407717
542A/Desktop/VWT/sort_low_q_poly3_all-eps-converted-to.pdf>]
Package epstopdf Info: Source file: <med_q_poly3_10.eps>
(epstopdf)                    date: 2017-11-13 23:10:08
(epstopdf)                    size: 37155 bytes
(epstopdf)             Output file: <med_q_poly3_10-eps-converted-to.pdf>
(epstopdf)                    date: 2017-11-14 08:08:19
(epstopdf)                    size: 9483 bytes
(epstopdf)             Command: <epstopdf --outfile=med_q_poly3_10-eps-converte
d-to.pdf med_q_poly3_10.eps>
(epstopdf)             \includegraphics on input line 187.
Package epstopdf Info: Output file is already uptodate.

<med_q_poly3_10-eps-converted-to.pdf, id=38, 362.35374pt x 310.15875pt>
File: med_q_poly3_10-eps-converted-to.pdf Graphic file (type pdf)

<use med_q_poly3_10-eps-converted-to.pdf>
Package epstopdf Info: Source file: <med_q_poly3_all.eps>
(epstopdf)                    date: 2017-11-13 23:10:08
(epstopdf)                    size: 356414 bytes
(epstopdf)             Output file: <med_q_poly3_all-eps-converted-to.pdf>
(epstopdf)                    date: 2017-11-14 08:08:20
(epstopdf)                    size: 82224 bytes
(epstopdf)             Command: <epstopdf --outfile=med_q_poly3_all-eps-convert
ed-to.pdf med_q_poly3_all.eps>
(epstopdf)             \includegraphics on input line 190.
Package epstopdf Info: Output file is already uptodate.

<med_q_poly3_all-eps-converted-to.pdf, id=39, 362.35374pt x 308.15125pt>
File: med_q_poly3_all-eps-converted-to.pdf Graphic file (type pdf)

<use med_q_poly3_all-eps-converted-to.pdf>
Package epstopdf Info: Source file: <sort_med_q_poly3_10.eps>
(epstopdf)                    date: 2017-11-13 23:10:38
(epstopdf)                    size: 28353 bytes
(epstopdf)             Output file: <sort_med_q_poly3_10-eps-converted-to.pdf>
(epstopdf)                    date: 2017-11-14 08:08:22
(epstopdf)                    size: 7064 bytes
(epstopdf)             Command: <epstopdf --outfile=sort_med_q_poly3_10-eps-con
verted-to.pdf sort_med_q_poly3_10.eps>
(epstopdf)             \includegraphics on input line 193.
Package epstopdf Info: Output file is already uptodate.

<sort_med_q_poly3_10-eps-converted-to.pdf, id=40, 362.35374pt x 310.15875pt>
File: sort_med_q_poly3_10-eps-converted-to.pdf Graphic file (type pdf)

<use sort_med_q_poly3_10-eps-converted-to.pdf>
Package epstopdf Info: Source file: <sort_med_q_poly3_all.eps>
(epstopdf)                    date: 2017-11-13 23:10:38
(epstopdf)                    size: 176894 bytes
(epstopdf)             Output file: <sort_med_q_poly3_all-eps-converted-to.pdf>

(epstopdf)                    date: 2017-11-14 08:08:22
(epstopdf)                    size: 41250 bytes
(epstopdf)             Command: <epstopdf --outfile=sort_med_q_poly3_all-eps-co
nverted-to.pdf sort_med_q_poly3_all.eps>
(epstopdf)             \includegraphics on input line 196.
Package epstopdf Info: Output file is already uptodate.

<sort_med_q_poly3_all-eps-converted-to.pdf, id=41, 362.35374pt x 308.15125pt>
File: sort_med_q_poly3_all-eps-converted-to.pdf Graphic file (type pdf)

<use sort_med_q_poly3_all-eps-converted-to.pdf>
Package epstopdf Info: Source file: <med_directq_poly3_10.eps>
(epstopdf)                    date: 2017-11-13 23:10:20
(epstopdf)                    size: 26443 bytes
(epstopdf)             Output file: <med_directq_poly3_10-eps-converted-to.pdf>

(epstopdf)                    date: 2017-11-14 08:18:41
(epstopdf)                    size: 6543 bytes
(epstopdf)             Command: <epstopdf --outfile=med_directq_poly3_10-eps-co
nverted-to.pdf med_directq_poly3_10.eps>
(epstopdf)             \includegraphics on input line 199.
Package epstopdf Info: Output file is already uptodate.

<med_directq_poly3_10-eps-converted-to.pdf, id=42, 369.38pt x 310.15875pt>
File: med_directq_poly3_10-eps-converted-to.pdf Graphic file (type pdf)

<use med_directq_poly3_10-eps-converted-to.pdf>
Package epstopdf Info: Source file: <med_directq_poly3_all.eps>
(epstopdf)                    date: 2017-11-13 23:10:20
(epstopdf)                    size: 32463 bytes
(epstopdf)             Output file: <med_directq_poly3_all-eps-converted-to.pdf
>
(epstopdf)                    date: 2017-11-14 08:18:42
(epstopdf)                    size: 7960 bytes
(epstopdf)             Command: <epstopdf --outfile=med_directq_poly3_all-eps-c
onverted-to.pdf med_directq_poly3_all.eps>
(epstopdf)             \includegraphics on input line 202.
Package epstopdf Info: Output file is already uptodate.

<med_directq_poly3_all-eps-converted-to.pdf, id=43, 369.38pt x 308.15125pt>
File: med_directq_poly3_all-eps-converted-to.pdf Graphic file (type pdf)

<use med_directq_poly3_all-eps-converted-to.pdf> [3

 <C:/Users/1407717542A/Desktop/VWT/med_q_poly3_10-eps-converted-to.pdf> <C:/Use
rs/1407717542A/Desktop/VWT/med_q_poly3_all-eps-converted-to.pdf> <C:/Users/1407
717542A/Desktop/VWT/sort_med_q_poly3_10-eps-converted-to.pdf> <C:/Users/1407717
542A/Desktop/VWT/sort_med_q_poly3_all-eps-converted-to.pdf> <C:/Users/140771754
2A/Desktop/VWT/med_directq_poly3_10-eps-converted-to.pdf> <C:/Users/1407717542A
/Desktop/VWT/med_directq_poly3_all-eps-converted-to.pdf>]
Package epstopdf Info: Source file: <high_q_poly3_10.eps>
(epstopdf)                    date: 2017-11-13 23:10:16
(epstopdf)                    size: 38099 bytes
(epstopdf)             Output file: <high_q_poly3_10-eps-converted-to.pdf>
(epstopdf)                    date: 2017-11-14 08:08:23
(epstopdf)                    size: 9857 bytes
(epstopdf)             Command: <epstopdf --outfile=high_q_poly3_10-eps-convert
ed-to.pdf high_q_poly3_10.eps>
(epstopdf)             \includegraphics on input line 212.
Package epstopdf Info: Output file is already uptodate.

<high_q_poly3_10-eps-converted-to.pdf, id=71, 368.37625pt x 310.15875pt>
File: high_q_poly3_10-eps-converted-to.pdf Graphic file (type pdf)

<use high_q_poly3_10-eps-converted-to.pdf>
Package epstopdf Info: Source file: <high_q_poly3_all.eps>
(epstopdf)                    date: 2017-11-13 23:10:14
(epstopdf)                    size: 402779 bytes
(epstopdf)             Output file: <high_q_poly3_all-eps-converted-to.pdf>
(epstopdf)                    date: 2017-11-14 08:08:25
(epstopdf)                    size: 94868 bytes
(epstopdf)             Command: <epstopdf --outfile=high_q_poly3_all-eps-conver
ted-to.pdf high_q_poly3_all.eps>
(epstopdf)             \includegraphics on input line 215.
Package epstopdf Info: Output file is already uptodate.

<high_q_poly3_all-eps-converted-to.pdf, id=72, 368.37625pt x 308.15125pt>
File: high_q_poly3_all-eps-converted-to.pdf Graphic file (type pdf)

<use high_q_poly3_all-eps-converted-to.pdf>
Package epstopdf Info: Source file: <sort_high_q_poly3_10.eps>
(epstopdf)                    date: 2017-11-13 23:10:44
(epstopdf)                    size: 32788 bytes
(epstopdf)             Output file: <sort_high_q_poly3_10-eps-converted-to.pdf>

(epstopdf)                    date: 2017-11-14 08:08:27
(epstopdf)                    size: 8063 bytes
(epstopdf)             Command: <epstopdf --outfile=sort_high_q_poly3_10-eps-co
nverted-to.pdf sort_high_q_poly3_10.eps>
(epstopdf)             \includegraphics on input line 218.
Package epstopdf Info: Output file is already uptodate.

<sort_high_q_poly3_10-eps-converted-to.pdf, id=73, 368.37625pt x 310.15875pt>
File: sort_high_q_poly3_10-eps-converted-to.pdf Graphic file (type pdf)

<use sort_high_q_poly3_10-eps-converted-to.pdf>
Package epstopdf Info: Source file: <sort_high_q_poly3_all.eps>
(epstopdf)                    date: 2017-11-13 23:10:44
(epstopdf)                    size: 253365 bytes
(epstopdf)             Output file: <sort_high_q_poly3_all-eps-converted-to.pdf
>
(epstopdf)                    date: 2017-11-14 08:08:26
(epstopdf)                    size: 57928 bytes
(epstopdf)             Command: <epstopdf --outfile=sort_high_q_poly3_all-eps-c
onverted-to.pdf sort_high_q_poly3_all.eps>
(epstopdf)             \includegraphics on input line 221.
Package epstopdf Info: Output file is already uptodate.

<sort_high_q_poly3_all-eps-converted-to.pdf, id=74, 368.37625pt x 308.15125pt>
File: sort_high_q_poly3_all-eps-converted-to.pdf Graphic file (type pdf)

<use sort_high_q_poly3_all-eps-converted-to.pdf>
Package epstopdf Info: Source file: <high_directq_poly3_10.eps>
(epstopdf)                    date: 2017-11-13 23:10:24
(epstopdf)                    size: 23272 bytes
(epstopdf)             Output file: <high_directq_poly3_10-eps-converted-to.pdf
>
(epstopdf)                    date: 2017-11-14 08:28:07
(epstopdf)                    size: 5453 bytes
(epstopdf)             Command: <epstopdf --outfile=high_directq_poly3_10-eps-c
onverted-to.pdf high_directq_poly3_10.eps>
(epstopdf)             \includegraphics on input line 224.
Package epstopdf Info: Output file is already uptodate.

<high_directq_poly3_10-eps-converted-to.pdf, id=75, 373.395pt x 310.15875pt>
File: high_directq_poly3_10-eps-converted-to.pdf Graphic file (type pdf)

<use high_directq_poly3_10-eps-converted-to.pdf>
Package epstopdf Info: Source file: <high_directq_poly3_all.eps>
(epstopdf)                    date: 2017-11-13 23:10:24
(epstopdf)                    size: 25543 bytes
(epstopdf)             Output file: <high_directq_poly3_all-eps-converted-to.pd
f>
(epstopdf)                    date: 2017-11-14 08:28:08
(epstopdf)                    size: 5926 bytes
(epstopdf)             Command: <epstopdf --outfile=high_directq_poly3_all-eps-
converted-to.pdf high_directq_poly3_all.eps>
(epstopdf)             \includegraphics on input line 227.
Package epstopdf Info: Output file is already uptodate.

<high_directq_poly3_all-eps-converted-to.pdf, id=76, 373.395pt x 308.15125pt>
File: high_directq_poly3_all-eps-converted-to.pdf Graphic file (type pdf)

<use high_directq_poly3_all-eps-converted-to.pdf> [4

 <C:/Users/1407717542A/Desktop/VWT/high_q_poly3_10-eps-converted-to.pdf> <C:/Us
ers/1407717542A/Desktop/VWT/high_q_poly3_all-eps-converted-to.pdf> <C:/Users/14
07717542A/Desktop/VWT/sort_high_q_poly3_10-eps-converted-to.pdf> <C:/Users/1407
717542A/Desktop/VWT/sort_high_q_poly3_all-eps-converted-to.pdf> <C:/Users/14077
17542A/Desktop/VWT/high_directq_poly3_10-eps-converted-to.pdf> <C:/Users/140771
7542A/Desktop/VWT/high_directq_poly3_all-eps-converted-to.pdf>]
Package epstopdf Info: Source file: <low_q_hist_tun.eps>
(epstopdf)                    date: 2017-11-13 23:10:02
(epstopdf)                    size: 23224 bytes
(epstopdf)             Output file: <low_q_hist_tun-eps-converted-to.pdf>
(epstopdf)                    date: 2017-11-14 08:08:27
(epstopdf)                    size: 5298 bytes
(epstopdf)             Command: <epstopdf --outfile=low_q_hist_tun-eps-converte
d-to.pdf low_q_hist_tun.eps>
(epstopdf)             \includegraphics on input line 238.
Package epstopdf Info: Output file is already uptodate.

<low_q_hist_tun-eps-converted-to.pdf, id=104, 368.37625pt x 308.15125pt>
File: low_q_hist_tun-eps-converted-to.pdf Graphic file (type pdf)

<use low_q_hist_tun-eps-converted-to.pdf>
Package epstopdf Info: Source file: <low_q_hist_probe.eps>
(epstopdf)                    date: 2017-11-13 23:10:02
(epstopdf)                    size: 22381 bytes
(epstopdf)             Output file: <low_q_hist_probe-eps-converted-to.pdf>
(epstopdf)                    date: 2017-11-14 08:08:28
(epstopdf)                    size: 5466 bytes
(epstopdf)             Command: <epstopdf --outfile=low_q_hist_probe-eps-conver
ted-to.pdf low_q_hist_probe.eps>
(epstopdf)             \includegraphics on input line 241.
Package epstopdf Info: Output file is already uptodate.

<low_q_hist_probe-eps-converted-to.pdf, id=105, 371.3875pt x 308.15125pt>
File: low_q_hist_probe-eps-converted-to.pdf Graphic file (type pdf)

<use low_q_hist_probe-eps-converted-to.pdf>
Package epstopdf Info: Source file: <med_q_hist_tun.eps>
(epstopdf)                    date: 2017-11-13 23:10:08
(epstopdf)                    size: 25915 bytes
(epstopdf)             Output file: <med_q_hist_tun-eps-converted-to.pdf>
(epstopdf)                    date: 2017-11-14 08:08:29
(epstopdf)                    size: 5256 bytes
(epstopdf)             Command: <epstopdf --outfile=med_q_hist_tun-eps-converte
d-to.pdf med_q_hist_tun.eps>
(epstopdf)             \includegraphics on input line 244.
Package epstopdf Info: Output file is already uptodate.

<med_q_hist_tun-eps-converted-to.pdf, id=106, 368.37625pt x 308.15125pt>
File: med_q_hist_tun-eps-converted-to.pdf Graphic file (type pdf)

<use med_q_hist_tun-eps-converted-to.pdf>
Package epstopdf Info: Source file: <med_q_hist_probe.eps>
(epstopdf)                    date: 2017-11-13 23:10:10
(epstopdf)                    size: 24504 bytes
(epstopdf)             Output file: <med_q_hist_probe-eps-converted-to.pdf>
(epstopdf)                    date: 2017-11-14 08:08:29
(epstopdf)                    size: 5591 bytes
(epstopdf)             Command: <epstopdf --outfile=med_q_hist_probe-eps-conver
ted-to.pdf med_q_hist_probe.eps>
(epstopdf)             \includegraphics on input line 247.
Package epstopdf Info: Output file is already uptodate.

<med_q_hist_probe-eps-converted-to.pdf, id=107, 370.38374pt x 308.15125pt>
File: med_q_hist_probe-eps-converted-to.pdf Graphic file (type pdf)

<use med_q_hist_probe-eps-converted-to.pdf>
Package epstopdf Info: Source file: <high_q_hist_tun.eps>
(epstopdf)                    date: 2017-11-13 23:10:16
(epstopdf)                    size: 34747 bytes
(epstopdf)             Output file: <high_q_hist_tun-eps-converted-to.pdf>
(epstopdf)                    date: 2017-11-14 08:08:30
(epstopdf)                    size: 5979 bytes
(epstopdf)             Command: <epstopdf --outfile=high_q_hist_tun-eps-convert
ed-to.pdf high_q_hist_tun.eps>
(epstopdf)             \includegraphics on input line 250.
Package epstopdf Info: Output file is already uptodate.

<high_q_hist_tun-eps-converted-to.pdf, id=108, 371.3875pt x 308.15125pt>
File: high_q_hist_tun-eps-converted-to.pdf Graphic file (type pdf)

<use high_q_hist_tun-eps-converted-to.pdf>
Package epstopdf Info: Source file: <high_q_hist_probe.eps>
(epstopdf)                    date: 2017-11-13 23:10:16
(epstopdf)                    size: 25382 bytes
(epstopdf)             Output file: <high_q_hist_probe-eps-converted-to.pdf>
(epstopdf)                    date: 2017-11-14 08:08:30
(epstopdf)                    size: 5743 bytes
(epstopdf)             Command: <epstopdf --outfile=high_q_hist_probe-eps-conve
rted-to.pdf high_q_hist_probe.eps>
(epstopdf)             \includegraphics on input line 253.
Package epstopdf Info: Output file is already uptodate.

<high_q_hist_probe-eps-converted-to.pdf, id=109, 370.38374pt x 308.15125pt>
File: high_q_hist_probe-eps-converted-to.pdf Graphic file (type pdf)

<use high_q_hist_probe-eps-converted-to.pdf> [5

 <C:/Users/1407717542A/Desktop/VWT/low_q_hist_tun-eps-converted-to.pdf> <C:/Use
rs/1407717542A/Desktop/VWT/low_q_hist_probe-eps-converted-to.pdf> <C:/Users/140
7717542A/Desktop/VWT/med_q_hist_tun-eps-converted-to.pdf> <C:/Users/1407717542A
/Desktop/VWT/med_q_hist_probe-eps-converted-to.pdf> <C:/Users/1407717542A/Deskt
op/VWT/high_q_hist_tun-eps-converted-to.pdf> <C:/Users/1407717542A/Desktop/VWT/
high_q_hist_probe-eps-converted-to.pdf>] [6

] [7

] ("C:\Users\1407717542A\Desktop\VWT\Vertical Report.aux") ) 
Here is how much of TeX's memory you used:
 5599 strings out of 495285
 93369 string characters out of 3181580
 210764 words of memory out of 3000000
 8711 multiletter control sequences out of 15000+200000
 13048 words of font info for 37 fonts, out of 3000000 for 9000
 14 hyphenation exceptions out of 8191
 46i,9n,38p,981b,369s stack positions out of 5000i,500n,10000p,200000b,50000s
{C:/MiKTeX 2.8/font
s/enc/dvips/cm-super/cm-super-t1.enc}<C:/MiKTeX 2.8/fonts/type1/public/amsfonts
/cm/cmmi10.pfb><C:/MiKTeX 2.8/fonts/type1/public/amsfonts/cm/cmmi8.pfb><C:/MiKT
eX 2.8/fonts/type1/public/amsfonts/cm/cmr10.pfb><C:/MiKTeX 2.8/fonts/type1/publ
ic/amsfonts/cm/cmr8.pfb><C:/MiKTeX 2.8/fonts/type1/public/amsfonts/cm/cmsy10.pf
b><C:/MiKTeX 2.8/fonts/type1/public/cm-super/sfrm1095.pfb><C:/MiKTeX 2.8/fonts/
type1/public/cm-super/sfrm1440.pfb><C:/MiKTeX 2.8/fonts/type1/public/cm-super/s
fsx1440.pfb><C:/MiKTeX 2.8/fonts/type1/public/cm-super/sfsx2074.pfb>
Output written on "Vertical Report.pdf" (7 pages, 642941 bytes).
PDF statistics:
 181 PDF objects out of 1000 (max. 8388607)
 0 named destinations out of 1000 (max. 500000)
 121 words of extra memory for PDF output out of 10000 (max. 10000000)

